[debug] [2021-06-24T14:33:57.359Z] ----------------------------------------------------------------------
[debug] [2021-06-24T14:33:57.362Z] Command:       C:\Program Files\nodejs\node.exe C:\Users\Les\AppData\Roaming\npm\node_modules\firebase-tools\lib\bin\firebase.js init
[debug] [2021-06-24T14:33:57.363Z] CLI Version:   9.14.0
[debug] [2021-06-24T14:33:57.363Z] Platform:      win32
[debug] [2021-06-24T14:33:57.363Z] Node Version:  v14.15.4
[debug] [2021-06-24T14:33:57.364Z] Time:          Thu Jun 24 2021 22:33:57 GMT+0800 (Philippine Standard Time)
[debug] [2021-06-24T14:33:57.364Z] ----------------------------------------------------------------------
[debug] 
[debug] [2021-06-24T14:33:57.373Z] > command requires scopes: ["email","openid","https://www.googleapis.com/auth/cloudplatformprojects.readonly","https://www.googleapis.com/auth/firebase","https://www.googleapis.com/auth/cloud-platform"]
[debug] [2021-06-24T14:33:57.373Z] > authorizing via signed-in user (6.lesterantonio@gmail.com)
[info] 
     ######## #### ########  ######## ########     ###     ######  ########
     ##        ##  ##     ## ##       ##     ##  ##   ##  ##       ##
     ######    ##  ########  ######   ########  #########  ######  ######
     ##        ##  ##    ##  ##       ##     ## ##     ##       ## ##
     ##       #### ##     ## ######## ########  ##     ##  ######  ########

You're about to initialize a Firebase project in this directory:

  C:\Users\Les\Desktop\ELS-TEAM\els-web-response

Before we get started, keep in mind:

  * You are initializing within an existing Firebase project directory

[info] 
=== Project Setup
[info] 
[info] First, let's associate this project directory with a Firebase project.
[info] You can create multiple project aliases by running firebase use --add, 
[info] but for now we'll just set up a default project.
[info] 
[info] i  .firebaserc already has a default project, using elms-accounts. 
[debug] [2021-06-24T14:34:01.633Z] > refreshing access token with scopes: []
[debug] [2021-06-24T14:34:01.634Z] >>> HTTP REQUEST POST https://www.googleapis.com/oauth2/v3/token  
 <request body omitted>
[debug] [2021-06-24T14:34:02.777Z] <<< HTTP RESPONSE 200 {"cache-control":"no-cache, no-store, max-age=0, must-revalidate","expires":"Mon, 01 Jan 1990 00:00:00 GMT","pragma":"no-cache","date":"Thu, 24 Jun 2021 14:35:04 GMT","content-type":"application/json; charset=utf-8","vary":"X-Origin, Referer, Origin,Accept-Encoding","server":"scaffolding on HTTPServer2","x-xss-protection":"0","x-frame-options":"SAMEORIGIN","x-content-type-options":"nosniff","alt-svc":"h3=\":443\"; ma=2592000,h3-29=\":443\"; ma=2592000,h3-T051=\":443\"; ma=2592000,h3-Q050=\":443\"; ma=2592000,h3-Q046=\":443\"; ma=2592000,h3-Q043=\":443\"; ma=2592000,quic=\":443\"; ma=2592000; v=\"46,43\"","accept-ranges":"none","transfer-encoding":"chunked"}
[debug] [2021-06-24T14:34:02.803Z] >>> [apiv2][query] GET https://firebase.googleapis.com/v1beta1/projects/elms-accounts [none]
[debug] [2021-06-24T14:34:03.499Z] <<< [apiv2][status] GET https://firebase.googleapis.com/v1beta1/projects/elms-accounts 200
[debug] [2021-06-24T14:34:03.500Z] <<< [apiv2][body] GET https://firebase.googleapis.com/v1beta1/projects/elms-accounts {"projectId":"elms-accounts","projectNumber":"887192641770","displayName":"Emergency Location System","name":"projects/elms-accounts","resources":{"hostingSite":"elms-accounts","realtimeDatabaseInstance":"elms-accounts-default-rtdb","storageBucket":"elms-accounts.appspot.com","locationId":"us-central"},"state":"ACTIVE"}
[info] 
=== Hosting Setup
[info] 
[info] Your public directory is the folder (relative to your project directory) that
[info] will contain Hosting assets to be uploaded with firebase deploy. If you
[info] have a build process for your assets, use your build's output directory.
[info] 
